==13996== Memcheck, a memory error detector
==13996== Copyright (C) 2002-2017, and GNU GPL'd, by Julian Seward et al.
==13996== Using Valgrind-3.15.0-608cb11914-20190413 and LibVEX; rerun with -h for copyright info
==13996== Command: ./hsh
==13996== Parent PID: 3337
==13996== 
--13996-- 
--13996-- Valgrind options:
--13996--    --leak-check=full
--13996--    --show-leak-kinds=all
--13996--    --track-origins=yes
--13996--    --verbose
--13996--    --log-file=valgrind.log
--13996-- Contents of /proc/version:
--13996--   Linux version 5.15.0-72-generic (buildd@lcy02-amd64-074) (gcc (Ubuntu 9.4.0-1ubuntu1~20.04.1) 9.4.0, GNU ld (GNU Binutils for Ubuntu) 2.34) #79~20.04.1-Ubuntu SMP Thu Apr 20 22:12:07 UTC 2023
--13996-- 
--13996-- Arch and hwcaps: AMD64, LittleEndian, amd64-cx16-rdtscp-sse3-ssse3
--13996-- Page sizes: currently 4096, max supported 4096
--13996-- Valgrind library directory: /usr/lib/x86_64-linux-gnu/valgrind
--13996-- Reading syms from /root/my_sh/simple_shell/hsh
--13996-- Reading syms from /usr/lib/x86_64-linux-gnu/ld-2.31.so
--13996--   Considering /usr/lib/debug/.build-id/45/87364908de169dec62ffa538170118c1c3a078.debug ..
--13996--   .. build-id is valid
--13996-- Reading syms from /usr/lib/x86_64-linux-gnu/valgrind/memcheck-amd64-linux
--13996--    object doesn't have a symbol table
--13996--    object doesn't have a dynamic symbol table
--13996-- Scheduler: using generic scheduler lock implementation.
--13996-- Reading suppressions file: /usr/lib/x86_64-linux-gnu/valgrind/default.supp
==13996== embedded gdbserver: reading from /tmp/vgdb-pipe-from-vgdb-to-13996-by-root-on-???
==13996== embedded gdbserver: writing to   /tmp/vgdb-pipe-to-vgdb-from-13996-by-root-on-???
==13996== embedded gdbserver: shared mem   /tmp/vgdb-pipe-shared-mem-vgdb-13996-by-root-on-???
==13996== 
==13996== TO CONTROL THIS PROCESS USING vgdb (which you probably
==13996== don't want to do, unless you know exactly what you're doing,
==13996== or are doing some strange experiment):
==13996==   /usr/lib/x86_64-linux-gnu/valgrind/../../bin/vgdb --pid=13996 ...command...
==13996== 
==13996== TO DEBUG THIS PROCESS USING GDB: start GDB like this
==13996==   /path/to/gdb ./hsh
==13996== and then give GDB the following command
==13996==   target remote | /usr/lib/x86_64-linux-gnu/valgrind/../../bin/vgdb --pid=13996
==13996== --pid is optional if only one valgrind process is running
==13996== 
--13996-- REDIR: 0x4022e20 (ld-linux-x86-64.so.2:strlen) redirected to 0x580c9ce2 (???)
--13996-- REDIR: 0x4022bf0 (ld-linux-x86-64.so.2:index) redirected to 0x580c9cfc (???)
--13996-- Reading syms from /usr/lib/x86_64-linux-gnu/valgrind/vgpreload_core-amd64-linux.so
--13996--    object doesn't have a symbol table
--13996-- Reading syms from /usr/lib/x86_64-linux-gnu/valgrind/vgpreload_memcheck-amd64-linux.so
--13996--    object doesn't have a symbol table
==13996== WARNING: new redirection conflicts with existing -- ignoring it
--13996--     old: 0x04022e20 (strlen              ) R-> (0000.0) 0x580c9ce2 ???
--13996--     new: 0x04022e20 (strlen              ) R-> (2007.0) 0x0483f060 strlen
--13996-- REDIR: 0x401f600 (ld-linux-x86-64.so.2:strcmp) redirected to 0x483ffd0 (strcmp)
--13996-- REDIR: 0x4023380 (ld-linux-x86-64.so.2:mempcpy) redirected to 0x4843a20 (mempcpy)
--13996-- Reading syms from /usr/lib/x86_64-linux-gnu/libc-2.31.so
--13996--   Considering /usr/lib/debug/.build-id/18/78e6b475720c7c51969e69ab2d276fae6d1dee.debug ..
--13996--   .. build-id is valid
--13996-- REDIR: 0x4900480 (libc.so.6:memmove) redirected to 0x48311d0 (_vgnU_ifunc_wrapper)
--13996-- REDIR: 0x48ff780 (libc.so.6:strncpy) redirected to 0x48311d0 (_vgnU_ifunc_wrapper)
--13996-- REDIR: 0x49007b0 (libc.so.6:strcasecmp) redirected to 0x48311d0 (_vgnU_ifunc_wrapper)
--13996-- REDIR: 0x48ff0a0 (libc.so.6:strcat) redirected to 0x48311d0 (_vgnU_ifunc_wrapper)
--13996-- REDIR: 0x48ff7e0 (libc.so.6:rindex) redirected to 0x48311d0 (_vgnU_ifunc_wrapper)
--13996-- REDIR: 0x4901c50 (libc.so.6:rawmemchr) redirected to 0x48311d0 (_vgnU_ifunc_wrapper)
--13996-- REDIR: 0x491cce0 (libc.so.6:wmemchr) redirected to 0x48311d0 (_vgnU_ifunc_wrapper)
--13996-- REDIR: 0x491c820 (libc.so.6:wcscmp) redirected to 0x48311d0 (_vgnU_ifunc_wrapper)
--13996-- REDIR: 0x49005e0 (libc.so.6:mempcpy) redirected to 0x48311d0 (_vgnU_ifunc_wrapper)
--13996-- REDIR: 0x4900410 (libc.so.6:bcmp) redirected to 0x48311d0 (_vgnU_ifunc_wrapper)
--13996-- REDIR: 0x48ff710 (libc.so.6:strncmp) redirected to 0x48311d0 (_vgnU_ifunc_wrapper)
--13996-- REDIR: 0x48ff150 (libc.so.6:strcmp) redirected to 0x48311d0 (_vgnU_ifunc_wrapper)
--13996-- REDIR: 0x4900540 (libc.so.6:memset) redirected to 0x48311d0 (_vgnU_ifunc_wrapper)
--13996-- REDIR: 0x491c7e0 (libc.so.6:wcschr) redirected to 0x48311d0 (_vgnU_ifunc_wrapper)
--13996-- REDIR: 0x48ff670 (libc.so.6:strnlen) redirected to 0x48311d0 (_vgnU_ifunc_wrapper)
--13996-- REDIR: 0x48ff230 (libc.so.6:strcspn) redirected to 0x48311d0 (_vgnU_ifunc_wrapper)
--13996-- REDIR: 0x4900800 (libc.so.6:strncasecmp) redirected to 0x48311d0 (_vgnU_ifunc_wrapper)
--13996-- REDIR: 0x48ff1d0 (libc.so.6:strcpy) redirected to 0x48311d0 (_vgnU_ifunc_wrapper)
--13996-- REDIR: 0x4900950 (libc.so.6:memcpy@@GLIBC_2.14) redirected to 0x48311d0 (_vgnU_ifunc_wrapper)
--13996-- REDIR: 0x491df50 (libc.so.6:wcsnlen) redirected to 0x48311d0 (_vgnU_ifunc_wrapper)
--13996-- REDIR: 0x491c860 (libc.so.6:wcscpy) redirected to 0x48311d0 (_vgnU_ifunc_wrapper)
--13996-- REDIR: 0x48ff820 (libc.so.6:strpbrk) redirected to 0x48311d0 (_vgnU_ifunc_wrapper)
--13996-- REDIR: 0x48ff100 (libc.so.6:index) redirected to 0x48311d0 (_vgnU_ifunc_wrapper)
--13996-- REDIR: 0x48ff630 (libc.so.6:strlen) redirected to 0x48311d0 (_vgnU_ifunc_wrapper)
--13996-- REDIR: 0x4908bb0 (libc.so.6:memrchr) redirected to 0x48311d0 (_vgnU_ifunc_wrapper)
--13996-- REDIR: 0x4900850 (libc.so.6:strcasecmp_l) redirected to 0x48311d0 (_vgnU_ifunc_wrapper)
--13996-- REDIR: 0x49003d0 (libc.so.6:memchr) redirected to 0x48311d0 (_vgnU_ifunc_wrapper)
--13996-- REDIR: 0x491c930 (libc.so.6:wcslen) redirected to 0x48311d0 (_vgnU_ifunc_wrapper)
--13996-- REDIR: 0x48ffae0 (libc.so.6:strspn) redirected to 0x48311d0 (_vgnU_ifunc_wrapper)
--13996-- REDIR: 0x4900750 (libc.so.6:stpncpy) redirected to 0x48311d0 (_vgnU_ifunc_wrapper)
--13996-- REDIR: 0x49006f0 (libc.so.6:stpcpy) redirected to 0x48311d0 (_vgnU_ifunc_wrapper)
--13996-- REDIR: 0x4901c90 (libc.so.6:strchrnul) redirected to 0x48311d0 (_vgnU_ifunc_wrapper)
--13996-- REDIR: 0x49008a0 (libc.so.6:strncasecmp_l) redirected to 0x48311d0 (_vgnU_ifunc_wrapper)
--13996-- REDIR: 0x49118c0 (libc.so.6:__strrchr_sse2) redirected to 0x483ea70 (__strrchr_sse2)
--13996-- REDIR: 0x48fa0e0 (libc.so.6:malloc) redirected to 0x483b780 (malloc)
--13996-- REDIR: 0x490bec0 (libc.so.6:__memchr_sse2) redirected to 0x4840050 (memchr)
--13996-- REDIR: 0x491bad0 (libc.so.6:memcpy@GLIBC_2.2.5) redirected to 0x4840100 (memcpy@GLIBC_2.2.5)
--13996-- REDIR: 0x48fa6d0 (libc.so.6:free) redirected to 0x483c9d0 (free)
==13997== Syscall param execve(argv) points to uninitialised byte(s)
==13997==    at 0x494317B: execve (syscall-template.S:78)
==13997==    by 0x10B580: exec_cmd (executer.c:98)
==13997==    by 0x10B2F3: blt_cmd_h (executer.c:18)
==13997==    by 0x10D916: cmd_tok (tok_cmd.c:152)
==13997==    by 0x10B889: main (main.c:36)
==13997==  Address 0x4a56dd8 is 8 bytes inside a block of size 512 alloc'd
==13997==    at 0x483B7F3: malloc (in /usr/lib/x86_64-linux-gnu/valgrind/vgpreload_memcheck-amd64-linux.so)
==13997==    by 0x10D789: tok_line (tok_cmd.c:97)
==13997==    by 0x10D902: cmd_tok (tok_cmd.c:151)
==13997==    by 0x10B889: main (main.c:36)
==13997==  Uninitialised value was created by a heap allocation
==13997==    at 0x483B7F3: malloc (in /usr/lib/x86_64-linux-gnu/valgrind/vgpreload_memcheck-amd64-linux.so)
==13997==    by 0x10D789: tok_line (tok_cmd.c:97)
==13997==    by 0x10D902: cmd_tok (tok_cmd.c:151)
==13997==    by 0x10B889: main (main.c:36)
==13997== 
==13996== Conditional jump or move depends on uninitialised value(s)
==13996==    at 0x1099DD: handle_exit (builtin.c:108)
==13996==    by 0x10B2E5: blt_cmd_h (executer.c:18)
==13996==    by 0x10D916: cmd_tok (tok_cmd.c:152)
==13996==    by 0x10B889: main (main.c:36)
==13996==  Uninitialised value was created by a heap allocation
==13996==    at 0x483B7F3: malloc (in /usr/lib/x86_64-linux-gnu/valgrind/vgpreload_memcheck-amd64-linux.so)
==13996==    by 0x10D789: tok_line (tok_cmd.c:97)
==13996==    by 0x10D902: cmd_tok (tok_cmd.c:151)
==13996==    by 0x10B889: main (main.c:36)
==13996== 
==13996== 
==13996== HEAP SUMMARY:
==13996==     in use at exit: 3,614 bytes in 50 blocks
==13996==   total heap usage: 61 allocs, 11 frees, 5,484 bytes allocated
==13996== 
==13996== Searching for pointers to 50 not-freed blocks
==13996== Checked 72,216 bytes
==13996== 
==13996== 4 bytes in 1 blocks are indirectly lost in loss record 1 of 10
==13996==    at 0x483B7F3: malloc (in /usr/lib/x86_64-linux-gnu/valgrind/vgpreload_memcheck-amd64-linux.so)
==13996==    by 0x10CECB: _strdup (str_mgnt.c:90)
==13996==    by 0x109514: add_cmd_st_n (add_node.c:86)
==13996==    by 0x109683: add_sep_cmd_n (add_node.c:129)
==13996==    by 0x10D8D3: cmd_tok (tok_cmd.c:142)
==13996==    by 0x10B889: main (main.c:36)
==13996== 
==13996== 6 bytes in 1 blocks are still reachable in loss record 2 of 10
==13996==    at 0x483B7F3: malloc (in /usr/lib/x86_64-linux-gnu/valgrind/vgpreload_memcheck-amd64-linux.so)
==13996==    by 0x10DA5A: _itoa (tools2.c:43)
==13996==    by 0x10BA29: data_init (main_helper.c:37)
==13996==    by 0x10B7D9: main (main.c:18)
==13996== 
==13996== 6 bytes in 1 blocks are still reachable in loss record 3 of 10
==13996==    at 0x483B7F3: malloc (in /usr/lib/x86_64-linux-gnu/valgrind/vgpreload_memcheck-amd64-linux.so)
==13996==    by 0x10CECB: _strdup (str_mgnt.c:90)
==13996==    by 0x109514: add_cmd_st_n (add_node.c:86)
==13996==    by 0x109683: add_sep_cmd_n (add_node.c:129)
==13996==    by 0x10D8D3: cmd_tok (tok_cmd.c:142)
==13996==    by 0x10B889: main (main.c:36)
==13996== 
==13996== 10 bytes in 2 blocks are definitely lost in loss record 4 of 10
==13996==    at 0x483B7F3: malloc (in /usr/lib/x86_64-linux-gnu/valgrind/vgpreload_memcheck-amd64-linux.so)
==13996==    by 0x10CECB: _strdup (str_mgnt.c:90)
==13996==    by 0x109664: add_sep_cmd_n (add_node.c:129)
==13996==    by 0x10D8D3: cmd_tok (tok_cmd.c:142)
==13996==    by 0x10B889: main (main.c:36)
==13996== 
==13996== 16 bytes in 1 blocks are still reachable in loss record 5 of 10
==13996==    at 0x483B7F3: malloc (in /usr/lib/x86_64-linux-gnu/valgrind/vgpreload_memcheck-amd64-linux.so)
==13996==    by 0x1094F6: add_cmd_st_n (add_node.c:82)
==13996==    by 0x109683: add_sep_cmd_n (add_node.c:129)
==13996==    by 0x10D8D3: cmd_tok (tok_cmd.c:142)
==13996==    by 0x10B889: main (main.c:36)
==13996== 
==13996== 20 (16 direct, 4 indirect) bytes in 1 blocks are definitely lost in loss record 6 of 10
==13996==    at 0x483B7F3: malloc (in /usr/lib/x86_64-linux-gnu/valgrind/vgpreload_memcheck-amd64-linux.so)
==13996==    by 0x1094F6: add_cmd_st_n (add_node.c:82)
==13996==    by 0x109683: add_sep_cmd_n (add_node.c:129)
==13996==    by 0x10D8D3: cmd_tok (tok_cmd.c:142)
==13996==    by 0x10B889: main (main.c:36)
==13996== 
==13996== 120 bytes in 1 blocks are still reachable in loss record 7 of 10
==13996==    at 0x483B7F3: malloc (in /usr/lib/x86_64-linux-gnu/valgrind/vgpreload_memcheck-amd64-linux.so)
==13996==    by 0x48E3543: getdelim (iogetdelim.c:62)
==13996==    by 0x10BB58: get_input (main_helper.c:77)
==13996==    by 0x10B807: main (main.c:22)
==13996== 
==13996== 328 bytes in 1 blocks are still reachable in loss record 8 of 10
==13996==    at 0x483B7F3: malloc (in /usr/lib/x86_64-linux-gnu/valgrind/vgpreload_memcheck-amd64-linux.so)
==13996==    by 0x10B9A1: data_init (main_helper.c:29)
==13996==    by 0x10B7D9: main (main.c:18)
==13996== 
==13996== 512 bytes in 1 blocks are still reachable in loss record 9 of 10
==13996==    at 0x483B7F3: malloc (in /usr/lib/x86_64-linux-gnu/valgrind/vgpreload_memcheck-amd64-linux.so)
==13996==    by 0x10D789: tok_line (tok_cmd.c:97)
==13996==    by 0x10D902: cmd_tok (tok_cmd.c:151)
==13996==    by 0x10B889: main (main.c:36)
==13996== 
==13996== 2,596 bytes in 40 blocks are still reachable in loss record 10 of 10
==13996==    at 0x483B7F3: malloc (in /usr/lib/x86_64-linux-gnu/valgrind/vgpreload_memcheck-amd64-linux.so)
==13996==    by 0x10CECB: _strdup (str_mgnt.c:90)
==13996==    by 0x10B9E4: data_init (main_helper.c:33)
==13996==    by 0x10B7D9: main (main.c:18)
==13996== 
==13996== LEAK SUMMARY:
==13996==    definitely lost: 26 bytes in 3 blocks
==13996==    indirectly lost: 4 bytes in 1 blocks
==13996==      possibly lost: 0 bytes in 0 blocks
==13996==    still reachable: 3,584 bytes in 46 blocks
==13996==         suppressed: 0 bytes in 0 blocks
==13996== 
==13996== ERROR SUMMARY: 3 errors from 3 contexts (suppressed: 0 from 0)
==13996== 
==13996== 1 errors in context 1 of 3:
==13996== Conditional jump or move depends on uninitialised value(s)
==13996==    at 0x1099DD: handle_exit (builtin.c:108)
==13996==    by 0x10B2E5: blt_cmd_h (executer.c:18)
==13996==    by 0x10D916: cmd_tok (tok_cmd.c:152)
==13996==    by 0x10B889: main (main.c:36)
==13996==  Uninitialised value was created by a heap allocation
==13996==    at 0x483B7F3: malloc (in /usr/lib/x86_64-linux-gnu/valgrind/vgpreload_memcheck-amd64-linux.so)
==13996==    by 0x10D789: tok_line (tok_cmd.c:97)
==13996==    by 0x10D902: cmd_tok (tok_cmd.c:151)
==13996==    by 0x10B889: main (main.c:36)
==13996== 
==13996== ERROR SUMMARY: 3 errors from 3 contexts (suppressed: 0 from 0)
